<?xml version="1.0" encoding="UTF-8"?>
<testng-results skipped="0" failed="0" ignored="0" total="1" passed="1">
  <reporter-output>
  </reporter-output>
  <suite name="Default suite" duration-ms="3040" started-at="2022-08-15T10:15:14 IST" finished-at="2022-08-15T10:15:17 IST">
    <groups>
    </groups>
    <test name="Default test" duration-ms="3040" started-at="2022-08-15T10:15:14 IST" finished-at="2022-08-15T10:15:17 IST">
      <class name="tests.SoapXMLRequest">
        <test-method status="PASS" signature="validateSoapXML()[pri:0, instance:tests.SoapXMLRequest@1f554b06]" name="validateSoapXML" duration-ms="2976" started-at="2022-08-15T10:15:14 IST" finished-at="2022-08-15T10:15:17 IST">
          <reporter-output>
          </reporter-output>
        </test-method> <!-- validateSoapXML -->
      </class> <!-- tests.SoapXMLRequest -->
    </test> <!-- Default test -->
  </suite> <!-- Default suite -->
</testng-results>
